=== Started 2017-08-26T20-02-59-419 ===
[INFO ][20:02:59] [1m[32mMultiOgar 1.2.69[37m - An open source multi-protocol ogar server[0m
[WARN ][20:02:59] ./ipbanlist.txt is missing.
[WARN ][20:02:59] User account "Local Moderator" disabled
[WARN ][20:02:59] User account "Local User" disabled
[INFO ][20:02:59] 1 user records loaded.
[INFO ][20:02:59] 419 bad words loaded
[WARN ][20:02:59] TLS: not supported (SSL certificate not found!)
[INFO ][20:02:59] WebSocket: ws
[INFO ][20:02:59] Started stats server on port 9999
[INFO ][20:03:00] Listening on port 1111
[INFO ][20:03:00] Current game mode is FFA
[NONE ][20:03:03] >gamenode 3
[WARN ][20:03:03] Invalid Command!
[NONE ][20:03:09] >gamemode 3
[NONE ][20:03:09] Changed game mode to InstantMerge
[NONE ][20:03:17] Joined 605228199677191 sm: 109 cl_ver: 111
[NONE ][20:04:30] >exit
[WARN ][20:04:30] Closing server...
[DEBUG][20:04:30] process.exit(1)
=== Shutdown 2017-08-26T20-04-30-584 ===
